# JRE version: Java(TM) SE Runtime Environment 18.9 (11.0.12+8) (build 11.0.12+8-LTS-237)
# Java VM: Java HotSpot(TM) 64-Bit Server VM 18.9 (11.0.12+8-LTS-237, mixed mode, tiered, compressed oops, g1 gc, windows-amd64)
Heap:
 garbage-first heap   total 573440K, used 279002K [0x00000000a0000000, 0x0000000100000000)
  region size 1024K, 21 young (21504K), 3 survivors (3072K)
 Metaspace       used 123226K, capacity 128266K, committed 128588K, reserved 1161216K
  class space    used 14410K, capacity 16132K, committed 16256K, reserved 1048576K
GC Heap History (10 events):
Event: 540.112 GC heap before
{Heap before GC invocations=236 (full 0):
 garbage-first heap   total 573440K, used 334545K [0x00000000a0000000, 0x0000000100000000)
  region size 1024K, 67 young (68608K), 4 survivors (4096K)
 Metaspace       used 123167K, capacity 128196K, committed 128588K, reserved 1161216K
  class space    used 14409K, capacity 16131K, committed 16256K, reserved 1048576K
}
Event: 540.132 GC heap after
{Heap after GC invocations=237 (full 0):
 garbage-first heap   total 573440K, used 309247K [0x00000000a0000000, 0x0000000100000000)
  region size 1024K, 16 young (16384K), 16 survivors (16384K)
 Metaspace       used 123167K, capacity 128196K, committed 128588K, reserved 1161216K
  class space    used 14409K, capacity 16131K, committed 16256K, reserved 1048576K
}
Event: 540.531 GC heap before
{Heap before GC invocations=238 (full 0):
 garbage-first heap   total 573440K, used 343040K [0x00000000a0000000, 0x0000000100000000)
  region size 1024K, 106 young (108544K), 16 survivors (16384K)
 Metaspace       used 123171K, capacity 128196K, committed 128588K, reserved 1161216K
  class space    used 14409K, capacity 16131K, committed 16256K, reserved 1048576K
}
Event: 540.557 GC heap after
{Heap after GC invocations=239 (full 0):
 garbage-first heap   total 573440K, used 271872K [0x00000000a0000000, 0x0000000100000000)
  region size 1024K, 14 young (14336K), 14 survivors (14336K)
 Metaspace       used 123171K, capacity 128196K, committed 128588K, reserved 1161216K
  class space    used 14409K, capacity 16131K, committed 16256K, reserved 1048576K
}
Event: 540.662 GC heap before
{Heap before GC invocations=239 (full 0):
 garbage-first heap   total 573440K, used 285184K [0x00000000a0000000, 0x0000000100000000)
  region size 1024K, 28 young (28672K), 14 survivors (14336K)
 Metaspace       used 123171K, capacity 128196K, committed 128588K, reserved 1161216K
  class space    used 14409K, capacity 16131K, committed 16256K, reserved 1048576K
}
Event: 540.673 GC heap after
{Heap after GC invocations=240 (full 0):
 garbage-first heap   total 573440K, used 265682K [0x00000000a0000000, 0x0000000100000000)
  region size 1024K, 3 young (3072K), 3 survivors (3072K)
 Metaspace       used 123171K, capacity 128196K, committed 128588K, reserved 1161216K
  class space    used 14409K, capacity 16131K, committed 16256K, reserved 1048576K
}
Event: 540.894 GC heap before
{Heap before GC invocations=240 (full 0):
 garbage-first heap   total 573440K, used 348626K [0x00000000a0000000, 0x0000000100000000)
  region size 1024K, 86 young (88064K), 3 survivors (3072K)
 Metaspace       used 123171K, capacity 128196K, committed 128588K, reserved 1161216K
  class space    used 14409K, capacity 16131K, committed 16256K, reserved 1048576K
}
Event: 540.906 GC heap after
{Heap after GC invocations=241 (full 0):
 garbage-first heap   total 573440K, used 275940K [0x00000000a0000000, 0x0000000100000000)
  region size 1024K, 13 young (13312K), 13 survivors (13312K)
 Metaspace       used 123171K, capacity 128196K, committed 128588K, reserved 1161216K
  class space    used 14409K, capacity 16131K, committed 16256K, reserved 1048576K
}
Event: 542.124 GC heap before
{Heap before GC invocations=242 (full 0):
 garbage-first heap   total 573440K, used 416228K [0x00000000a0000000, 0x0000000100000000)
  region size 1024K, 126 young (129024K), 13 survivors (13312K)
 Metaspace       used 123189K, capacity 128202K, committed 128588K, reserved 1161216K
  class space    used 14410K, capacity 16132K, committed 16256K, reserved 1048576K
}
Event: 542.126 GC heap after
{Heap after GC invocations=243 (full 0):
 garbage-first heap   total 573440K, used 262618K [0x00000000a0000000, 0x0000000100000000)
  region size 1024K, 3 young (3072K), 3 survivors (3072K)
 Metaspace       used 123189K, capacity 128202K, committed 128588K, reserved 1161216K
  class space    used 14410K, capacity 16132K, committed 16256K, reserved 1048576K
}

